<?xml version="1.0" encoding="UTF-8"?>
<!-- Generated by org.testng.reporters.JUnitReportReporter -->
<testsuite hostname="DESKTOP-FJJ601V" failures="0" tests="1" name="testscript.ManageProductPageTest" time="5.004" errors="0" timestamp="2025-02-10T11:49:30 IST" skipped="0">
  <testcase classname="testscript.ManageProductPageTest" name="isAbleToSearchProduct" time="5.004"/>
</testsuite> <!-- testscript.ManageProductPageTest -->
