<?xml version="1.0" encoding="UTF-8"?>
<!-- Generated by org.testng.reporters.JUnitReportReporter -->
<testsuite hostname="DESKTOP-FJJ601V" failures="0" tests="1" name="testscript.AdminUsersPageTestNewUser" time="8.061" errors="0" timestamp="2025-02-18T12:31:03 IST" skipped="0">
  <testcase classname="testscript.AdminUsersPageTestNewUser" name="isNewUserIsAbleToCreate" time="8.061"/>
</testsuite> <!-- testscript.AdminUsersPageTestNewUser -->
