<?xml version="1.0" encoding="UTF-8"?>
<!-- Generated by org.testng.reporters.JUnitReportReporter -->
<testsuite hostname="DESKTOP-FJJ601V" failures="0" tests="1" name="testscript.ManageNewsTest" time="5.910" errors="0" timestamp="2025-02-09T13:08:00 IST" skipped="0">
  <testcase classname="testscript.ManageNewsTest" name="isNewNewsAbleToAdd" time="5.910"/>
</testsuite> <!-- testscript.ManageNewsTest -->
