<?xml version="1.0" encoding="UTF-8"?>
<!-- Generated by org.testng.reporters.JUnitReportReporter -->
<testsuite hostname="DESKTOP-FJJ601V" failures="0" tests="1" name="testscript.HomePageTest" time="6.492" errors="0" timestamp="2025-02-25T12:45:47 IST" skipped="0">
  <testcase classname="testscript.HomePageTest" name="verifyUserCanAbleToLogOut" time="6.492"/>
</testsuite> <!-- testscript.HomePageTest -->
